<?xml version="1.0" encoding="UTF-8"?>
<!-- Generated by org.testng.reporters.JUnitReportReporter -->
<testsuite hostname="DESKTOP-SMAT8QD" name="dummyapiexample.restapi.tests.RestAPIExampleTests" tests="1" failures="0" timestamp="28 Oct 2019 20:44:45 GMT" time="9.676" errors="0">
  <testcase name="createValidateAndDeleteEmployeeRecord" time="9.676" classname="dummyapiexample.restapi.tests.RestAPIExampleTests"/>
</testsuite> <!-- dummyapiexample.restapi.tests.RestAPIExampleTests -->
